Build started 06/04/2019 19:31:55.
     1>Project "C:\Users\Alan\documents\visual studio 2010\Projects\opencv\opencv\opencv.vcxproj" on node 2 (build target(s)).
     1>InitializeBuildStatus:
         Creating "Debug\opencv.unsuccessfulbuild" because "AlwaysCreate" was specified.
       ClCompile:
         C:\Program Files (x86)\Microsoft Visual Studio 10.0\VC\bin\CL.exe /c /I"D:\OpenCV 2.3\opencv\build\include" /I"D:\OpenCV 2.3\opencv\modules\core\include\opencv2" /I"D:\OpenCV 2.3\opencv\modules\contrib\include\opencv2" /I"D:\OpenCV 2.3\opencv\modules\calib3d\include\opencv2" /I"D:\OpenCV 2.3\opencv\modules\features2d\include\opencv2" /I"D:\OpenCV 2.3\opencv\modules\flann\include\opencv2" /I"D:\OpenCV 2.3\opencv\modules\gpu\include\opencv2" /I"D:\OpenCV 2.3\opencv\modules\highgui\include\opencv2" /I"D:\OpenCV 2.3\opencv\modules\imgproc\include\opencv2" /I"D:\OpenCV 2.3\opencv\modules\legacy\include\opencv2" /I"D:\OpenCV 2.3\opencv\modules\ml\include\opencv2" /I"D:\OpenCV 2.3\opencv\modules\objdetect\include\opencv2" /I"D:\OpenCV 2.3\opencv\modules\ts\include\opencv2" /I"D:\OpenCV 2.3\opencv\modules\video\include\opencv2" /I"D:\OpenCV 2.3\opencv\include\opencv2" /ZI /nologo /W3 /WX- /Od /Oy- /D _MBCS /Gm /EHsc /RTC1 /MDd /GS /fp:precise /Zc:wchar_t /Zc:forScope /Fo"Debug\\" /Fd"Debug\vc100.pdb" /Gd /TP /analyze- /errorReport:prompt main.cpp
         main.cpp
     1>c:\users\alan\documents\visual studio 2010\projects\opencv\opencv\main.cpp(18): warning C4244: '=' : conversion from 'double' to 'unsigned char', possible loss of data
       Link:
         C:\Program Files (x86)\Microsoft Visual Studio 10.0\VC\bin\link.exe /ERRORREPORT:PROMPT /OUT:"C:\Users\Alan\documents\visual studio 2010\Projects\opencv\Debug\opencv.exe" /NOLOGO /LIBPATH:"D:\OpenCV 2.3\opencv\build\x86\vc10\lib" opencv_calib3d231d.lib opencv_contrib231d.lib opencv_core231d.lib opencv_features2d231d.lib opencv_flann231d.lib opencv_gpu231d.lib opencv_haartraining_engined.lib opencv_highgui231d.lib opencv_imgproc231d.lib opencv_legacy231d.lib opencv_ml231d.lib opencv_objdetect231d.lib opencv_ts231d.lib opencv_video231d.lib kernel32.lib user32.lib gdi32.lib winspool.lib comdlg32.lib advapi32.lib shell32.lib ole32.lib oleaut32.lib uuid.lib odbc32.lib odbccp32.lib /MANIFEST /ManifestFile:"Debug\opencv.exe.intermediate.manifest" /MANIFESTUAC:"level='asInvoker' uiAccess='false'" /DEBUG /PDB:"C:\Users\Alan\documents\visual studio 2010\Projects\opencv\Debug\opencv.pdb" /TLBID:1 /DYNAMICBASE /NXCOMPAT /IMPLIB:"C:\Users\Alan\documents\visual studio 2010\Projects\opencv\Debug\opencv.lib" /MACHINE:X86 Debug\main.obj
         LINK : C:\Users\Alan\documents\visual studio 2010\Projects\opencv\Debug\opencv.exe not found or not built by the last incremental link; performing full link
         opencv.vcxproj -> C:\Users\Alan\documents\visual studio 2010\Projects\opencv\Debug\opencv.exe
       Manifest:
         C:\Program Files (x86)\Microsoft SDKs\Windows\v7.0A\bin\mt.exe /nologo /verbose /outputresource:"C:\Users\Alan\documents\visual studio 2010\Projects\opencv\Debug\opencv.exe;#1" /manifest Debug\opencv.exe.intermediate.manifest
       FinalizeBuildStatus:
         Deleting file "Debug\opencv.unsuccessfulbuild".
         Touching "Debug\opencv.lastbuildstate".
     1>Done Building Project "C:\Users\Alan\documents\visual studio 2010\Projects\opencv\opencv\opencv.vcxproj" (build target(s)).

Build succeeded.

Time Elapsed 00:00:01.24
